<?xml version="1.0" encoding="UTF-8"?>
<testsuite xmlns:xsi="http://www.w3.org/2001/XMLSchema-instance" xsi:noNamespaceSchemaLocation="https://maven.apache.org/surefire/maven-surefire-plugin/xsd/surefire-test-report-3.0.xsd" version="3.0" name="com.spring.tiketsys.TiketsysApplicationTests" time="5.982" tests="1" errors="0" skipped="0" failures="0">
  <properties>
    <property name="java.specification.version" value="17"/>
    <property name="sun.jnu.encoding" value="UTF-8"/>
    <property name="java.class.path" value="/home/pharaox/Documents/Projects/ProyectoSA/ProyectoSA_backend/target/test-classes:/home/pharaox/Documents/Projects/ProyectoSA/ProyectoSA_backend/target/classes:/home/pharaox/.m2/repository/org/springframework/boot/spring-boot/3.2.3/spring-boot-3.2.3.jar:/home/pharaox/.m2/repository/org/springframework/spring-core/6.1.4/spring-core-6.1.4.jar:/home/pharaox/.m2/repository/org/springframework/spring-jcl/6.1.4/spring-jcl-6.1.4.jar:/home/pharaox/.m2/repository/org/springframework/spring-context/6.1.4/spring-context-6.1.4.jar:/home/pharaox/.m2/repository/org/springframework/spring-aop/6.1.4/spring-aop-6.1.4.jar:/home/pharaox/.m2/repository/org/springframework/spring-expression/6.1.4/spring-expression-6.1.4.jar:/home/pharaox/.m2/repository/io/micrometer/micrometer-observation/1.12.3/micrometer-observation-1.12.3.jar:/home/pharaox/.m2/repository/io/micrometer/micrometer-commons/1.12.3/micrometer-commons-1.12.3.jar:/home/pharaox/.m2/repository/org/springframework/boot/spring-boot-starter-data-jpa/3.2.3/spring-boot-starter-data-jpa-3.2.3.jar:/home/pharaox/.m2/repository/org/springframework/boot/spring-boot-starter-aop/3.2.3/spring-boot-starter-aop-3.2.3.jar:/home/pharaox/.m2/repository/org/aspectj/aspectjweaver/1.9.21/aspectjweaver-1.9.21.jar:/home/pharaox/.m2/repository/org/springframework/boot/spring-boot-starter-jdbc/3.2.3/spring-boot-starter-jdbc-3.2.3.jar:/home/pharaox/.m2/repository/com/zaxxer/HikariCP/5.0.1/HikariCP-5.0.1.jar:/home/pharaox/.m2/repository/org/springframework/spring-jdbc/6.1.4/spring-jdbc-6.1.4.jar:/home/pharaox/.m2/repository/org/hibernate/orm/hibernate-core/6.4.4.Final/hibernate-core-6.4.4.Final.jar:/home/pharaox/.m2/repository/jakarta/persistence/jakarta.persistence-api/3.1.0/jakarta.persistence-api-3.1.0.jar:/home/pharaox/.m2/repository/jakarta/transaction/jakarta.transaction-api/2.0.1/jakarta.transaction-api-2.0.1.jar:/home/pharaox/.m2/repository/org/jboss/logging/jboss-logging/3.5.3.Final/jboss-logging-3.5.3.Final.jar:/home/pharaox/.m2/repository/org/hibernate/common/hibernate-commons-annotations/6.0.6.Final/hibernate-commons-annotations-6.0.6.Final.jar:/home/pharaox/.m2/repository/io/smallrye/jandex/3.1.2/jandex-3.1.2.jar:/home/pharaox/.m2/repository/com/fasterxml/classmate/1.6.0/classmate-1.6.0.jar:/home/pharaox/.m2/repository/net/bytebuddy/byte-buddy/1.14.12/byte-buddy-1.14.12.jar:/home/pharaox/.m2/repository/org/glassfish/jaxb/jaxb-runtime/4.0.4/jaxb-runtime-4.0.4.jar:/home/pharaox/.m2/repository/org/glassfish/jaxb/jaxb-core/4.0.4/jaxb-core-4.0.4.jar:/home/pharaox/.m2/repository/org/eclipse/angus/angus-activation/2.0.1/angus-activation-2.0.1.jar:/home/pharaox/.m2/repository/org/glassfish/jaxb/txw2/4.0.4/txw2-4.0.4.jar:/home/pharaox/.m2/repository/com/sun/istack/istack-commons-runtime/4.1.2/istack-commons-runtime-4.1.2.jar:/home/pharaox/.m2/repository/jakarta/inject/jakarta.inject-api/2.0.1/jakarta.inject-api-2.0.1.jar:/home/pharaox/.m2/repository/org/antlr/antlr4-runtime/4.13.0/antlr4-runtime-4.13.0.jar:/home/pharaox/.m2/repository/org/springframework/data/spring-data-jpa/3.2.3/spring-data-jpa-3.2.3.jar:/home/pharaox/.m2/repository/org/springframework/data/spring-data-commons/3.2.3/spring-data-commons-3.2.3.jar:/home/pharaox/.m2/repository/org/springframework/spring-orm/6.1.4/spring-orm-6.1.4.jar:/home/pharaox/.m2/repository/org/springframework/spring-tx/6.1.4/spring-tx-6.1.4.jar:/home/pharaox/.m2/repository/jakarta/annotation/jakarta.annotation-api/2.1.1/jakarta.annotation-api-2.1.1.jar:/home/pharaox/.m2/repository/org/springframework/spring-aspects/6.1.4/spring-aspects-6.1.4.jar:/home/pharaox/.m2/repository/org/springframework/boot/spring-boot-starter-web/3.2.3/spring-boot-starter-web-3.2.3.jar:/home/pharaox/.m2/repository/org/springframework/boot/spring-boot-starter/3.2.3/spring-boot-starter-3.2.3.jar:/home/pharaox/.m2/repository/org/springframework/boot/spring-boot-autoconfigure/3.2.3/spring-boot-autoconfigure-3.2.3.jar:/home/pharaox/.m2/repository/org/springframework/boot/spring-boot-starter-logging/3.2.3/spring-boot-starter-logging-3.2.3.jar:/home/pharaox/.m2/repository/ch/qos/logback/logback-classic/1.4.14/logback-classic-1.4.14.jar:/home/pharaox/.m2/repository/ch/qos/logback/logback-core/1.4.14/logback-core-1.4.14.jar:/home/pharaox/.m2/repository/org/apache/logging/log4j/log4j-to-slf4j/2.21.1/log4j-to-slf4j-2.21.1.jar:/home/pharaox/.m2/repository/org/apache/logging/log4j/log4j-api/2.21.1/log4j-api-2.21.1.jar:/home/pharaox/.m2/repository/org/slf4j/jul-to-slf4j/2.0.12/jul-to-slf4j-2.0.12.jar:/home/pharaox/.m2/repository/org/yaml/snakeyaml/2.2/snakeyaml-2.2.jar:/home/pharaox/.m2/repository/org/springframework/boot/spring-boot-starter-json/3.2.3/spring-boot-starter-json-3.2.3.jar:/home/pharaox/.m2/repository/com/fasterxml/jackson/datatype/jackson-datatype-jdk8/2.15.4/jackson-datatype-jdk8-2.15.4.jar:/home/pharaox/.m2/repository/com/fasterxml/jackson/datatype/jackson-datatype-jsr310/2.15.4/jackson-datatype-jsr310-2.15.4.jar:/home/pharaox/.m2/repository/com/fasterxml/jackson/module/jackson-module-parameter-names/2.15.4/jackson-module-parameter-names-2.15.4.jar:/home/pharaox/.m2/repository/org/springframework/boot/spring-boot-starter-tomcat/3.2.3/spring-boot-starter-tomcat-3.2.3.jar:/home/pharaox/.m2/repository/org/apache/tomcat/embed/tomcat-embed-core/10.1.19/tomcat-embed-core-10.1.19.jar:/home/pharaox/.m2/repository/org/apache/tomcat/embed/tomcat-embed-el/10.1.19/tomcat-embed-el-10.1.19.jar:/home/pharaox/.m2/repository/org/apache/tomcat/embed/tomcat-embed-websocket/10.1.19/tomcat-embed-websocket-10.1.19.jar:/home/pharaox/.m2/repository/org/springframework/spring-web/6.1.4/spring-web-6.1.4.jar:/home/pharaox/.m2/repository/org/springframework/spring-webmvc/6.1.4/spring-webmvc-6.1.4.jar:/home/pharaox/.m2/repository/com/google/cloud/spring-cloud-gcp-starter-storage/5.0.4/spring-cloud-gcp-starter-storage-5.0.4.jar:/home/pharaox/.m2/repository/com/google/cloud/spring-cloud-gcp-starter/5.0.4/spring-cloud-gcp-starter-5.0.4.jar:/home/pharaox/.m2/repository/com/google/cloud/spring-cloud-gcp-core/5.0.4/spring-cloud-gcp-core-5.0.4.jar:/home/pharaox/.m2/repository/com/google/cloud/google-cloud-core/2.33.0/google-cloud-core-2.33.0.jar:/home/pharaox/.m2/repository/com/google/cloud/spring-cloud-gcp-autoconfigure/5.0.4/spring-cloud-gcp-autoconfigure-5.0.4.jar:/home/pharaox/.m2/repository/org/apache/commons/commons-lang3/3.13.0/commons-lang3-3.13.0.jar:/home/pharaox/.m2/repository/com/google/cloud/spring-cloud-gcp-storage/5.0.4/spring-cloud-gcp-storage-5.0.4.jar:/home/pharaox/.m2/repository/com/google/cloud/google-cloud-storage/2.34.0/google-cloud-storage-2.34.0.jar:/home/pharaox/.m2/repository/com/google/guava/guava/32.1.3-jre/guava-32.1.3-jre.jar:/home/pharaox/.m2/repository/com/google/guava/failureaccess/1.0.1/failureaccess-1.0.1.jar:/home/pharaox/.m2/repository/com/google/guava/listenablefuture/9999.0-empty-to-avoid-conflict-with-guava/listenablefuture-9999.0-empty-to-avoid-conflict-with-guava.jar:/home/pharaox/.m2/repository/com/google/errorprone/error_prone_annotations/2.24.1/error_prone_annotations-2.24.1.jar:/home/pharaox/.m2/repository/com/google/j2objc/j2objc-annotations/2.8/j2objc-annotations-2.8.jar:/home/pharaox/.m2/repository/com/google/http-client/google-http-client/1.44.1/google-http-client-1.44.1.jar:/home/pharaox/.m2/repository/io/grpc/grpc-context/1.61.1/grpc-context-1.61.1.jar:/home/pharaox/.m2/repository/io/opencensus/opencensus-contrib-http-util/0.31.1/opencensus-contrib-http-util-0.31.1.jar:/home/pharaox/.m2/repository/com/google/http-client/google-http-client-jackson2/1.44.1/google-http-client-jackson2-1.44.1.jar:/home/pharaox/.m2/repository/com/google/http-client/google-http-client-gson/1.44.1/google-http-client-gson-1.44.1.jar:/home/pharaox/.m2/repository/com/google/api-client/google-api-client/2.3.0/google-api-client-2.3.0.jar:/home/pharaox/.m2/repository/commons-codec/commons-codec/1.16.1/commons-codec-1.16.1.jar:/home/pharaox/.m2/repository/com/google/oauth-client/google-oauth-client/1.35.0/google-oauth-client-1.35.0.jar:/home/pharaox/.m2/repository/com/google/http-client/google-http-client-apache-v2/1.44.1/google-http-client-apache-v2-1.44.1.jar:/home/pharaox/.m2/repository/com/google/apis/google-api-services-storage/v1-rev20240209-2.0.0/google-api-services-storage-v1-rev20240209-2.0.0.jar:/home/pharaox/.m2/repository/com/google/code/gson/gson/2.10.1/gson-2.10.1.jar:/home/pharaox/.m2/repository/com/google/auto/value/auto-value-annotations/1.10.4/auto-value-annotations-1.10.4.jar:/home/pharaox/.m2/repository/com/google/cloud/google-cloud-core-http/2.33.0/google-cloud-core-http-2.33.0.jar:/home/pharaox/.m2/repository/com/google/http-client/google-http-client-appengine/1.44.1/google-http-client-appengine-1.44.1.jar:/home/pharaox/.m2/repository/com/google/api/gax-httpjson/2.43.0/gax-httpjson-2.43.0.jar:/home/pharaox/.m2/repository/com/google/cloud/google-cloud-core-grpc/2.33.0/google-cloud-core-grpc-2.33.0.jar:/home/pharaox/.m2/repository/com/google/api/gax/2.43.0/gax-2.43.0.jar:/home/pharaox/.m2/repository/com/google/api/gax-grpc/2.43.0/gax-grpc-2.43.0.jar:/home/pharaox/.m2/repository/io/grpc/grpc-inprocess/1.61.1/grpc-inprocess-1.61.1.jar:/home/pharaox/.m2/repository/io/grpc/grpc-alts/1.61.1/grpc-alts-1.61.1.jar:/home/pharaox/.m2/repository/io/grpc/grpc-grpclb/1.61.1/grpc-grpclb-1.61.1.jar:/home/pharaox/.m2/repository/org/conscrypt/conscrypt-openjdk-uber/2.5.2/conscrypt-openjdk-uber-2.5.2.jar:/home/pharaox/.m2/repository/io/grpc/grpc-auth/1.61.1/grpc-auth-1.61.1.jar:/home/pharaox/.m2/repository/io/grpc/grpc-protobuf/1.61.1/grpc-protobuf-1.61.1.jar:/home/pharaox/.m2/repository/io/grpc/grpc-protobuf-lite/1.61.1/grpc-protobuf-lite-1.61.1.jar:/home/pharaox/.m2/repository/com/google/auth/google-auth-library-credentials/1.23.0/google-auth-library-credentials-1.23.0.jar:/home/pharaox/.m2/repository/com/google/auth/google-auth-library-oauth2-http/1.23.0/google-auth-library-oauth2-http-1.23.0.jar:/home/pharaox/.m2/repository/com/google/api/api-common/2.26.0/api-common-2.26.0.jar:/home/pharaox/.m2/repository/javax/annotation/javax.annotation-api/1.3.2/javax.annotation-api-1.3.2.jar:/home/pharaox/.m2/repository/io/opencensus/opencensus-api/0.31.1/opencensus-api-0.31.1.jar:/home/pharaox/.m2/repository/com/google/api/grpc/proto-google-iam-v1/1.29.0/proto-google-iam-v1-1.29.0.jar:/home/pharaox/.m2/repository/com/google/protobuf/protobuf-java/3.25.2/protobuf-java-3.25.2.jar:/home/pharaox/.m2/repository/com/google/protobuf/protobuf-java-util/3.25.2/protobuf-java-util-3.25.2.jar:/home/pharaox/.m2/repository/com/google/api/grpc/proto-google-common-protos/2.34.0/proto-google-common-protos-2.34.0.jar:/home/pharaox/.m2/repository/org/threeten/threetenbp/1.6.8/threetenbp-1.6.8.jar:/home/pharaox/.m2/repository/com/google/api/grpc/proto-google-cloud-storage-v2/2.34.0-alpha/proto-google-cloud-storage-v2-2.34.0-alpha.jar:/home/pharaox/.m2/repository/com/google/api/grpc/grpc-google-cloud-storage-v2/2.34.0-alpha/grpc-google-cloud-storage-v2-2.34.0-alpha.jar:/home/pharaox/.m2/repository/com/google/api/grpc/gapic-google-cloud-storage-v2/2.34.0-alpha/gapic-google-cloud-storage-v2-2.34.0-alpha.jar:/home/pharaox/.m2/repository/com/google/code/findbugs/jsr305/3.0.2/jsr305-3.0.2.jar:/home/pharaox/.m2/repository/io/grpc/grpc-api/1.61.1/grpc-api-1.61.1.jar:/home/pharaox/.m2/repository/io/grpc/grpc-netty-shaded/1.61.1/grpc-netty-shaded-1.61.1.jar:/home/pharaox/.m2/repository/io/grpc/grpc-core/1.61.1/grpc-core-1.61.1.jar:/home/pharaox/.m2/repository/com/google/android/annotations/4.1.1.4/annotations-4.1.1.4.jar:/home/pharaox/.m2/repository/org/codehaus/mojo/animal-sniffer-annotations/1.23/animal-sniffer-annotations-1.23.jar:/home/pharaox/.m2/repository/io/perfmark/perfmark-api/0.27.0/perfmark-api-0.27.0.jar:/home/pharaox/.m2/repository/io/grpc/grpc-stub/1.61.1/grpc-stub-1.61.1.jar:/home/pharaox/.m2/repository/io/grpc/grpc-googleapis/1.61.1/grpc-googleapis-1.61.1.jar:/home/pharaox/.m2/repository/io/grpc/grpc-xds/1.61.1/grpc-xds-1.61.1.jar:/home/pharaox/.m2/repository/io/opencensus/opencensus-proto/0.2.0/opencensus-proto-0.2.0.jar:/home/pharaox/.m2/repository/io/grpc/grpc-util/1.61.1/grpc-util-1.61.1.jar:/home/pharaox/.m2/repository/io/grpc/grpc-services/1.61.1/grpc-services-1.61.1.jar:/home/pharaox/.m2/repository/com/google/re2j/re2j/1.7/re2j-1.7.jar:/home/pharaox/.m2/repository/io/grpc/grpc-rls/1.61.1/grpc-rls-1.61.1.jar:/home/pharaox/.m2/repository/org/slf4j/slf4j-api/2.0.12/slf4j-api-2.0.12.jar:/home/pharaox/.m2/repository/com/mysql/mysql-connector-j/8.3.0/mysql-connector-j-8.3.0.jar:/home/pharaox/.m2/repository/org/mariadb/jdbc/mariadb-java-client/3.3.3/mariadb-java-client-3.3.3.jar:/home/pharaox/.m2/repository/com/github/waffle/waffle-jna/3.3.0/waffle-jna-3.3.0.jar:/home/pharaox/.m2/repository/net/java/dev/jna/jna/5.13.0/jna-5.13.0.jar:/home/pharaox/.m2/repository/net/java/dev/jna/jna-platform/5.13.0/jna-platform-5.13.0.jar:/home/pharaox/.m2/repository/org/slf4j/jcl-over-slf4j/2.0.12/jcl-over-slf4j-2.0.12.jar:/home/pharaox/.m2/repository/com/github/ben-manes/caffeine/caffeine/3.1.8/caffeine-3.1.8.jar:/home/pharaox/.m2/repository/org/checkerframework/checker-qual/3.32.0/checker-qual-3.32.0.jar:/home/pharaox/.m2/repository/org/projectlombok/lombok/1.18.30/lombok-1.18.30.jar:/home/pharaox/.m2/repository/org/springframework/boot/spring-boot-starter-test/3.2.3/spring-boot-starter-test-3.2.3.jar:/home/pharaox/.m2/repository/org/springframework/boot/spring-boot-test/3.2.3/spring-boot-test-3.2.3.jar:/home/pharaox/.m2/repository/org/springframework/boot/spring-boot-test-autoconfigure/3.2.3/spring-boot-test-autoconfigure-3.2.3.jar:/home/pharaox/.m2/repository/com/jayway/jsonpath/json-path/2.9.0/json-path-2.9.0.jar:/home/pharaox/.m2/repository/jakarta/xml/bind/jakarta.xml.bind-api/4.0.1/jakarta.xml.bind-api-4.0.1.jar:/home/pharaox/.m2/repository/jakarta/activation/jakarta.activation-api/2.1.2/jakarta.activation-api-2.1.2.jar:/home/pharaox/.m2/repository/net/minidev/json-smart/2.5.0/json-smart-2.5.0.jar:/home/pharaox/.m2/repository/net/minidev/accessors-smart/2.5.0/accessors-smart-2.5.0.jar:/home/pharaox/.m2/repository/org/ow2/asm/asm/9.3/asm-9.3.jar:/home/pharaox/.m2/repository/org/assertj/assertj-core/3.24.2/assertj-core-3.24.2.jar:/home/pharaox/.m2/repository/org/awaitility/awaitility/4.2.0/awaitility-4.2.0.jar:/home/pharaox/.m2/repository/org/hamcrest/hamcrest/2.2/hamcrest-2.2.jar:/home/pharaox/.m2/repository/org/junit/jupiter/junit-jupiter/5.10.2/junit-jupiter-5.10.2.jar:/home/pharaox/.m2/repository/org/junit/jupiter/junit-jupiter-api/5.10.2/junit-jupiter-api-5.10.2.jar:/home/pharaox/.m2/repository/org/opentest4j/opentest4j/1.3.0/opentest4j-1.3.0.jar:/home/pharaox/.m2/repository/org/junit/platform/junit-platform-commons/1.10.2/junit-platform-commons-1.10.2.jar:/home/pharaox/.m2/repository/org/apiguardian/apiguardian-api/1.1.2/apiguardian-api-1.1.2.jar:/home/pharaox/.m2/repository/org/junit/jupiter/junit-jupiter-params/5.10.2/junit-jupiter-params-5.10.2.jar:/home/pharaox/.m2/repository/org/junit/jupiter/junit-jupiter-engine/5.10.2/junit-jupiter-engine-5.10.2.jar:/home/pharaox/.m2/repository/org/junit/platform/junit-platform-engine/1.10.2/junit-platform-engine-1.10.2.jar:/home/pharaox/.m2/repository/org/mockito/mockito-core/5.7.0/mockito-core-5.7.0.jar:/home/pharaox/.m2/repository/net/bytebuddy/byte-buddy-agent/1.14.12/byte-buddy-agent-1.14.12.jar:/home/pharaox/.m2/repository/org/objenesis/objenesis/3.3/objenesis-3.3.jar:/home/pharaox/.m2/repository/org/mockito/mockito-junit-jupiter/5.7.0/mockito-junit-jupiter-5.7.0.jar:/home/pharaox/.m2/repository/org/skyscreamer/jsonassert/1.5.1/jsonassert-1.5.1.jar:/home/pharaox/.m2/repository/com/vaadin/external/google/android-json/0.0.20131108.vaadin1/android-json-0.0.20131108.vaadin1.jar:/home/pharaox/.m2/repository/org/springframework/spring-test/6.1.4/spring-test-6.1.4.jar:/home/pharaox/.m2/repository/org/xmlunit/xmlunit-core/2.9.1/xmlunit-core-2.9.1.jar:/home/pharaox/.m2/repository/io/projectreactor/reactor-test/3.6.3/reactor-test-3.6.3.jar:/home/pharaox/.m2/repository/io/projectreactor/reactor-core/3.6.3/reactor-core-3.6.3.jar:/home/pharaox/.m2/repository/org/reactivestreams/reactive-streams/1.0.4/reactive-streams-1.0.4.jar:/home/pharaox/.m2/repository/org/springframework/boot/spring-boot-starter-websocket/3.2.3/spring-boot-starter-websocket-3.2.3.jar:/home/pharaox/.m2/repository/org/springframework/spring-messaging/6.1.4/spring-messaging-6.1.4.jar:/home/pharaox/.m2/repository/org/springframework/spring-websocket/6.1.4/spring-websocket-6.1.4.jar:/home/pharaox/.m2/repository/io/jsonwebtoken/jjwt-api/0.11.2/jjwt-api-0.11.2.jar:/home/pharaox/.m2/repository/io/jsonwebtoken/jjwt-impl/0.11.2/jjwt-impl-0.11.2.jar:/home/pharaox/.m2/repository/io/jsonwebtoken/jjwt-jackson/0.11.2/jjwt-jackson-0.11.2.jar:/home/pharaox/.m2/repository/com/fasterxml/jackson/core/jackson-databind/2.15.4/jackson-databind-2.15.4.jar:/home/pharaox/.m2/repository/com/fasterxml/jackson/core/jackson-annotations/2.15.4/jackson-annotations-2.15.4.jar:/home/pharaox/.m2/repository/com/fasterxml/jackson/core/jackson-core/2.15.4/jackson-core-2.15.4.jar:/home/pharaox/.m2/repository/org/springframework/spring-webflux/6.1.4/spring-webflux-6.1.4.jar:/home/pharaox/.m2/repository/org/springframework/spring-beans/6.1.4/spring-beans-6.1.4.jar:/home/pharaox/.m2/repository/org/springdoc/springdoc-openapi-starter-webflux-api/2.4.0/springdoc-openapi-starter-webflux-api-2.4.0.jar:/home/pharaox/.m2/repository/org/springdoc/springdoc-openapi-starter-common/2.4.0/springdoc-openapi-starter-common-2.4.0.jar:/home/pharaox/.m2/repository/io/swagger/core/v3/swagger-core-jakarta/2.2.20/swagger-core-jakarta-2.2.20.jar:/home/pharaox/.m2/repository/io/swagger/core/v3/swagger-annotations-jakarta/2.2.20/swagger-annotations-jakarta-2.2.20.jar:/home/pharaox/.m2/repository/io/swagger/core/v3/swagger-models-jakarta/2.2.20/swagger-models-jakarta-2.2.20.jar:/home/pharaox/.m2/repository/jakarta/validation/jakarta.validation-api/3.0.2/jakarta.validation-api-3.0.2.jar:/home/pharaox/.m2/repository/com/fasterxml/jackson/dataformat/jackson-dataformat-yaml/2.15.4/jackson-dataformat-yaml-2.15.4.jar:"/>
    <property name="java.vm.vendor" value="Oracle Corporation"/>
    <property name="sun.arch.data.model" value="64"/>
    <property name="java.vendor.url" value="https://openjdk.java.net/"/>
    <property name="user.timezone" value="America/North_Dakota/Beulah"/>
    <property name="org.jboss.logging.provider" value="slf4j"/>
    <property name="os.name" value="Linux"/>
    <property name="java.vm.specification.version" value="17"/>
    <property name="sun.java.launcher" value="SUN_STANDARD"/>
    <property name="user.country" value="US"/>
    <property name="sun.boot.library.path" value="/usr/lib/jvm/java-17-openjdk/lib"/>
    <property name="sun.java.command" value="/home/pharaox/Documents/Projects/ProyectoSA/ProyectoSA_backend/target/surefire/surefirebooter-20240330022218724_3.jar /home/pharaox/Documents/Projects/ProyectoSA/ProyectoSA_backend/target/surefire 2024-03-30T02-22-18_651-jvmRun1 surefire-20240330022218724_1tmp surefire_0-20240330022218724_2tmp"/>
    <property name="jdk.debug" value="release"/>
    <property name="surefire.test.class.path" value="/home/pharaox/Documents/Projects/ProyectoSA/ProyectoSA_backend/target/test-classes:/home/pharaox/Documents/Projects/ProyectoSA/ProyectoSA_backend/target/classes:/home/pharaox/.m2/repository/org/springframework/boot/spring-boot/3.2.3/spring-boot-3.2.3.jar:/home/pharaox/.m2/repository/org/springframework/spring-core/6.1.4/spring-core-6.1.4.jar:/home/pharaox/.m2/repository/org/springframework/spring-jcl/6.1.4/spring-jcl-6.1.4.jar:/home/pharaox/.m2/repository/org/springframework/spring-context/6.1.4/spring-context-6.1.4.jar:/home/pharaox/.m2/repository/org/springframework/spring-aop/6.1.4/spring-aop-6.1.4.jar:/home/pharaox/.m2/repository/org/springframework/spring-expression/6.1.4/spring-expression-6.1.4.jar:/home/pharaox/.m2/repository/io/micrometer/micrometer-observation/1.12.3/micrometer-observation-1.12.3.jar:/home/pharaox/.m2/repository/io/micrometer/micrometer-commons/1.12.3/micrometer-commons-1.12.3.jar:/home/pharaox/.m2/repository/org/springframework/boot/spring-boot-starter-data-jpa/3.2.3/spring-boot-starter-data-jpa-3.2.3.jar:/home/pharaox/.m2/repository/org/springframework/boot/spring-boot-starter-aop/3.2.3/spring-boot-starter-aop-3.2.3.jar:/home/pharaox/.m2/repository/org/aspectj/aspectjweaver/1.9.21/aspectjweaver-1.9.21.jar:/home/pharaox/.m2/repository/org/springframework/boot/spring-boot-starter-jdbc/3.2.3/spring-boot-starter-jdbc-3.2.3.jar:/home/pharaox/.m2/repository/com/zaxxer/HikariCP/5.0.1/HikariCP-5.0.1.jar:/home/pharaox/.m2/repository/org/springframework/spring-jdbc/6.1.4/spring-jdbc-6.1.4.jar:/home/pharaox/.m2/repository/org/hibernate/orm/hibernate-core/6.4.4.Final/hibernate-core-6.4.4.Final.jar:/home/pharaox/.m2/repository/jakarta/persistence/jakarta.persistence-api/3.1.0/jakarta.persistence-api-3.1.0.jar:/home/pharaox/.m2/repository/jakarta/transaction/jakarta.transaction-api/2.0.1/jakarta.transaction-api-2.0.1.jar:/home/pharaox/.m2/repository/org/jboss/logging/jboss-logging/3.5.3.Final/jboss-logging-3.5.3.Final.jar:/home/pharaox/.m2/repository/org/hibernate/common/hibernate-commons-annotations/6.0.6.Final/hibernate-commons-annotations-6.0.6.Final.jar:/home/pharaox/.m2/repository/io/smallrye/jandex/3.1.2/jandex-3.1.2.jar:/home/pharaox/.m2/repository/com/fasterxml/classmate/1.6.0/classmate-1.6.0.jar:/home/pharaox/.m2/repository/net/bytebuddy/byte-buddy/1.14.12/byte-buddy-1.14.12.jar:/home/pharaox/.m2/repository/org/glassfish/jaxb/jaxb-runtime/4.0.4/jaxb-runtime-4.0.4.jar:/home/pharaox/.m2/repository/org/glassfish/jaxb/jaxb-core/4.0.4/jaxb-core-4.0.4.jar:/home/pharaox/.m2/repository/org/eclipse/angus/angus-activation/2.0.1/angus-activation-2.0.1.jar:/home/pharaox/.m2/repository/org/glassfish/jaxb/txw2/4.0.4/txw2-4.0.4.jar:/home/pharaox/.m2/repository/com/sun/istack/istack-commons-runtime/4.1.2/istack-commons-runtime-4.1.2.jar:/home/pharaox/.m2/repository/jakarta/inject/jakarta.inject-api/2.0.1/jakarta.inject-api-2.0.1.jar:/home/pharaox/.m2/repository/org/antlr/antlr4-runtime/4.13.0/antlr4-runtime-4.13.0.jar:/home/pharaox/.m2/repository/org/springframework/data/spring-data-jpa/3.2.3/spring-data-jpa-3.2.3.jar:/home/pharaox/.m2/repository/org/springframework/data/spring-data-commons/3.2.3/spring-data-commons-3.2.3.jar:/home/pharaox/.m2/repository/org/springframework/spring-orm/6.1.4/spring-orm-6.1.4.jar:/home/pharaox/.m2/repository/org/springframework/spring-tx/6.1.4/spring-tx-6.1.4.jar:/home/pharaox/.m2/repository/jakarta/annotation/jakarta.annotation-api/2.1.1/jakarta.annotation-api-2.1.1.jar:/home/pharaox/.m2/repository/org/springframework/spring-aspects/6.1.4/spring-aspects-6.1.4.jar:/home/pharaox/.m2/repository/org/springframework/boot/spring-boot-starter-web/3.2.3/spring-boot-starter-web-3.2.3.jar:/home/pharaox/.m2/repository/org/springframework/boot/spring-boot-starter/3.2.3/spring-boot-starter-3.2.3.jar:/home/pharaox/.m2/repository/org/springframework/boot/spring-boot-autoconfigure/3.2.3/spring-boot-autoconfigure-3.2.3.jar:/home/pharaox/.m2/repository/org/springframework/boot/spring-boot-starter-logging/3.2.3/spring-boot-starter-logging-3.2.3.jar:/home/pharaox/.m2/repository/ch/qos/logback/logback-classic/1.4.14/logback-classic-1.4.14.jar:/home/pharaox/.m2/repository/ch/qos/logback/logback-core/1.4.14/logback-core-1.4.14.jar:/home/pharaox/.m2/repository/org/apache/logging/log4j/log4j-to-slf4j/2.21.1/log4j-to-slf4j-2.21.1.jar:/home/pharaox/.m2/repository/org/apache/logging/log4j/log4j-api/2.21.1/log4j-api-2.21.1.jar:/home/pharaox/.m2/repository/org/slf4j/jul-to-slf4j/2.0.12/jul-to-slf4j-2.0.12.jar:/home/pharaox/.m2/repository/org/yaml/snakeyaml/2.2/snakeyaml-2.2.jar:/home/pharaox/.m2/repository/org/springframework/boot/spring-boot-starter-json/3.2.3/spring-boot-starter-json-3.2.3.jar:/home/pharaox/.m2/repository/com/fasterxml/jackson/datatype/jackson-datatype-jdk8/2.15.4/jackson-datatype-jdk8-2.15.4.jar:/home/pharaox/.m2/repository/com/fasterxml/jackson/datatype/jackson-datatype-jsr310/2.15.4/jackson-datatype-jsr310-2.15.4.jar:/home/pharaox/.m2/repository/com/fasterxml/jackson/module/jackson-module-parameter-names/2.15.4/jackson-module-parameter-names-2.15.4.jar:/home/pharaox/.m2/repository/org/springframework/boot/spring-boot-starter-tomcat/3.2.3/spring-boot-starter-tomcat-3.2.3.jar:/home/pharaox/.m2/repository/org/apache/tomcat/embed/tomcat-embed-core/10.1.19/tomcat-embed-core-10.1.19.jar:/home/pharaox/.m2/repository/org/apache/tomcat/embed/tomcat-embed-el/10.1.19/tomcat-embed-el-10.1.19.jar:/home/pharaox/.m2/repository/org/apache/tomcat/embed/tomcat-embed-websocket/10.1.19/tomcat-embed-websocket-10.1.19.jar:/home/pharaox/.m2/repository/org/springframework/spring-web/6.1.4/spring-web-6.1.4.jar:/home/pharaox/.m2/repository/org/springframework/spring-webmvc/6.1.4/spring-webmvc-6.1.4.jar:/home/pharaox/.m2/repository/com/google/cloud/spring-cloud-gcp-starter-storage/5.0.4/spring-cloud-gcp-starter-storage-5.0.4.jar:/home/pharaox/.m2/repository/com/google/cloud/spring-cloud-gcp-starter/5.0.4/spring-cloud-gcp-starter-5.0.4.jar:/home/pharaox/.m2/repository/com/google/cloud/spring-cloud-gcp-core/5.0.4/spring-cloud-gcp-core-5.0.4.jar:/home/pharaox/.m2/repository/com/google/cloud/google-cloud-core/2.33.0/google-cloud-core-2.33.0.jar:/home/pharaox/.m2/repository/com/google/cloud/spring-cloud-gcp-autoconfigure/5.0.4/spring-cloud-gcp-autoconfigure-5.0.4.jar:/home/pharaox/.m2/repository/org/apache/commons/commons-lang3/3.13.0/commons-lang3-3.13.0.jar:/home/pharaox/.m2/repository/com/google/cloud/spring-cloud-gcp-storage/5.0.4/spring-cloud-gcp-storage-5.0.4.jar:/home/pharaox/.m2/repository/com/google/cloud/google-cloud-storage/2.34.0/google-cloud-storage-2.34.0.jar:/home/pharaox/.m2/repository/com/google/guava/guava/32.1.3-jre/guava-32.1.3-jre.jar:/home/pharaox/.m2/repository/com/google/guava/failureaccess/1.0.1/failureaccess-1.0.1.jar:/home/pharaox/.m2/repository/com/google/guava/listenablefuture/9999.0-empty-to-avoid-conflict-with-guava/listenablefuture-9999.0-empty-to-avoid-conflict-with-guava.jar:/home/pharaox/.m2/repository/com/google/errorprone/error_prone_annotations/2.24.1/error_prone_annotations-2.24.1.jar:/home/pharaox/.m2/repository/com/google/j2objc/j2objc-annotations/2.8/j2objc-annotations-2.8.jar:/home/pharaox/.m2/repository/com/google/http-client/google-http-client/1.44.1/google-http-client-1.44.1.jar:/home/pharaox/.m2/repository/io/grpc/grpc-context/1.61.1/grpc-context-1.61.1.jar:/home/pharaox/.m2/repository/io/opencensus/opencensus-contrib-http-util/0.31.1/opencensus-contrib-http-util-0.31.1.jar:/home/pharaox/.m2/repository/com/google/http-client/google-http-client-jackson2/1.44.1/google-http-client-jackson2-1.44.1.jar:/home/pharaox/.m2/repository/com/google/http-client/google-http-client-gson/1.44.1/google-http-client-gson-1.44.1.jar:/home/pharaox/.m2/repository/com/google/api-client/google-api-client/2.3.0/google-api-client-2.3.0.jar:/home/pharaox/.m2/repository/commons-codec/commons-codec/1.16.1/commons-codec-1.16.1.jar:/home/pharaox/.m2/repository/com/google/oauth-client/google-oauth-client/1.35.0/google-oauth-client-1.35.0.jar:/home/pharaox/.m2/repository/com/google/http-client/google-http-client-apache-v2/1.44.1/google-http-client-apache-v2-1.44.1.jar:/home/pharaox/.m2/repository/com/google/apis/google-api-services-storage/v1-rev20240209-2.0.0/google-api-services-storage-v1-rev20240209-2.0.0.jar:/home/pharaox/.m2/repository/com/google/code/gson/gson/2.10.1/gson-2.10.1.jar:/home/pharaox/.m2/repository/com/google/auto/value/auto-value-annotations/1.10.4/auto-value-annotations-1.10.4.jar:/home/pharaox/.m2/repository/com/google/cloud/google-cloud-core-http/2.33.0/google-cloud-core-http-2.33.0.jar:/home/pharaox/.m2/repository/com/google/http-client/google-http-client-appengine/1.44.1/google-http-client-appengine-1.44.1.jar:/home/pharaox/.m2/repository/com/google/api/gax-httpjson/2.43.0/gax-httpjson-2.43.0.jar:/home/pharaox/.m2/repository/com/google/cloud/google-cloud-core-grpc/2.33.0/google-cloud-core-grpc-2.33.0.jar:/home/pharaox/.m2/repository/com/google/api/gax/2.43.0/gax-2.43.0.jar:/home/pharaox/.m2/repository/com/google/api/gax-grpc/2.43.0/gax-grpc-2.43.0.jar:/home/pharaox/.m2/repository/io/grpc/grpc-inprocess/1.61.1/grpc-inprocess-1.61.1.jar:/home/pharaox/.m2/repository/io/grpc/grpc-alts/1.61.1/grpc-alts-1.61.1.jar:/home/pharaox/.m2/repository/io/grpc/grpc-grpclb/1.61.1/grpc-grpclb-1.61.1.jar:/home/pharaox/.m2/repository/org/conscrypt/conscrypt-openjdk-uber/2.5.2/conscrypt-openjdk-uber-2.5.2.jar:/home/pharaox/.m2/repository/io/grpc/grpc-auth/1.61.1/grpc-auth-1.61.1.jar:/home/pharaox/.m2/repository/io/grpc/grpc-protobuf/1.61.1/grpc-protobuf-1.61.1.jar:/home/pharaox/.m2/repository/io/grpc/grpc-protobuf-lite/1.61.1/grpc-protobuf-lite-1.61.1.jar:/home/pharaox/.m2/repository/com/google/auth/google-auth-library-credentials/1.23.0/google-auth-library-credentials-1.23.0.jar:/home/pharaox/.m2/repository/com/google/auth/google-auth-library-oauth2-http/1.23.0/google-auth-library-oauth2-http-1.23.0.jar:/home/pharaox/.m2/repository/com/google/api/api-common/2.26.0/api-common-2.26.0.jar:/home/pharaox/.m2/repository/javax/annotation/javax.annotation-api/1.3.2/javax.annotation-api-1.3.2.jar:/home/pharaox/.m2/repository/io/opencensus/opencensus-api/0.31.1/opencensus-api-0.31.1.jar:/home/pharaox/.m2/repository/com/google/api/grpc/proto-google-iam-v1/1.29.0/proto-google-iam-v1-1.29.0.jar:/home/pharaox/.m2/repository/com/google/protobuf/protobuf-java/3.25.2/protobuf-java-3.25.2.jar:/home/pharaox/.m2/repository/com/google/protobuf/protobuf-java-util/3.25.2/protobuf-java-util-3.25.2.jar:/home/pharaox/.m2/repository/com/google/api/grpc/proto-google-common-protos/2.34.0/proto-google-common-protos-2.34.0.jar:/home/pharaox/.m2/repository/org/threeten/threetenbp/1.6.8/threetenbp-1.6.8.jar:/home/pharaox/.m2/repository/com/google/api/grpc/proto-google-cloud-storage-v2/2.34.0-alpha/proto-google-cloud-storage-v2-2.34.0-alpha.jar:/home/pharaox/.m2/repository/com/google/api/grpc/grpc-google-cloud-storage-v2/2.34.0-alpha/grpc-google-cloud-storage-v2-2.34.0-alpha.jar:/home/pharaox/.m2/repository/com/google/api/grpc/gapic-google-cloud-storage-v2/2.34.0-alpha/gapic-google-cloud-storage-v2-2.34.0-alpha.jar:/home/pharaox/.m2/repository/com/google/code/findbugs/jsr305/3.0.2/jsr305-3.0.2.jar:/home/pharaox/.m2/repository/io/grpc/grpc-api/1.61.1/grpc-api-1.61.1.jar:/home/pharaox/.m2/repository/io/grpc/grpc-netty-shaded/1.61.1/grpc-netty-shaded-1.61.1.jar:/home/pharaox/.m2/repository/io/grpc/grpc-core/1.61.1/grpc-core-1.61.1.jar:/home/pharaox/.m2/repository/com/google/android/annotations/4.1.1.4/annotations-4.1.1.4.jar:/home/pharaox/.m2/repository/org/codehaus/mojo/animal-sniffer-annotations/1.23/animal-sniffer-annotations-1.23.jar:/home/pharaox/.m2/repository/io/perfmark/perfmark-api/0.27.0/perfmark-api-0.27.0.jar:/home/pharaox/.m2/repository/io/grpc/grpc-stub/1.61.1/grpc-stub-1.61.1.jar:/home/pharaox/.m2/repository/io/grpc/grpc-googleapis/1.61.1/grpc-googleapis-1.61.1.jar:/home/pharaox/.m2/repository/io/grpc/grpc-xds/1.61.1/grpc-xds-1.61.1.jar:/home/pharaox/.m2/repository/io/opencensus/opencensus-proto/0.2.0/opencensus-proto-0.2.0.jar:/home/pharaox/.m2/repository/io/grpc/grpc-util/1.61.1/grpc-util-1.61.1.jar:/home/pharaox/.m2/repository/io/grpc/grpc-services/1.61.1/grpc-services-1.61.1.jar:/home/pharaox/.m2/repository/com/google/re2j/re2j/1.7/re2j-1.7.jar:/home/pharaox/.m2/repository/io/grpc/grpc-rls/1.61.1/grpc-rls-1.61.1.jar:/home/pharaox/.m2/repository/org/slf4j/slf4j-api/2.0.12/slf4j-api-2.0.12.jar:/home/pharaox/.m2/repository/com/mysql/mysql-connector-j/8.3.0/mysql-connector-j-8.3.0.jar:/home/pharaox/.m2/repository/org/mariadb/jdbc/mariadb-java-client/3.3.3/mariadb-java-client-3.3.3.jar:/home/pharaox/.m2/repository/com/github/waffle/waffle-jna/3.3.0/waffle-jna-3.3.0.jar:/home/pharaox/.m2/repository/net/java/dev/jna/jna/5.13.0/jna-5.13.0.jar:/home/pharaox/.m2/repository/net/java/dev/jna/jna-platform/5.13.0/jna-platform-5.13.0.jar:/home/pharaox/.m2/repository/org/slf4j/jcl-over-slf4j/2.0.12/jcl-over-slf4j-2.0.12.jar:/home/pharaox/.m2/repository/com/github/ben-manes/caffeine/caffeine/3.1.8/caffeine-3.1.8.jar:/home/pharaox/.m2/repository/org/checkerframework/checker-qual/3.32.0/checker-qual-3.32.0.jar:/home/pharaox/.m2/repository/org/projectlombok/lombok/1.18.30/lombok-1.18.30.jar:/home/pharaox/.m2/repository/org/springframework/boot/spring-boot-starter-test/3.2.3/spring-boot-starter-test-3.2.3.jar:/home/pharaox/.m2/repository/org/springframework/boot/spring-boot-test/3.2.3/spring-boot-test-3.2.3.jar:/home/pharaox/.m2/repository/org/springframework/boot/spring-boot-test-autoconfigure/3.2.3/spring-boot-test-autoconfigure-3.2.3.jar:/home/pharaox/.m2/repository/com/jayway/jsonpath/json-path/2.9.0/json-path-2.9.0.jar:/home/pharaox/.m2/repository/jakarta/xml/bind/jakarta.xml.bind-api/4.0.1/jakarta.xml.bind-api-4.0.1.jar:/home/pharaox/.m2/repository/jakarta/activation/jakarta.activation-api/2.1.2/jakarta.activation-api-2.1.2.jar:/home/pharaox/.m2/repository/net/minidev/json-smart/2.5.0/json-smart-2.5.0.jar:/home/pharaox/.m2/repository/net/minidev/accessors-smart/2.5.0/accessors-smart-2.5.0.jar:/home/pharaox/.m2/repository/org/ow2/asm/asm/9.3/asm-9.3.jar:/home/pharaox/.m2/repository/org/assertj/assertj-core/3.24.2/assertj-core-3.24.2.jar:/home/pharaox/.m2/repository/org/awaitility/awaitility/4.2.0/awaitility-4.2.0.jar:/home/pharaox/.m2/repository/org/hamcrest/hamcrest/2.2/hamcrest-2.2.jar:/home/pharaox/.m2/repository/org/junit/jupiter/junit-jupiter/5.10.2/junit-jupiter-5.10.2.jar:/home/pharaox/.m2/repository/org/junit/jupiter/junit-jupiter-api/5.10.2/junit-jupiter-api-5.10.2.jar:/home/pharaox/.m2/repository/org/opentest4j/opentest4j/1.3.0/opentest4j-1.3.0.jar:/home/pharaox/.m2/repository/org/junit/platform/junit-platform-commons/1.10.2/junit-platform-commons-1.10.2.jar:/home/pharaox/.m2/repository/org/apiguardian/apiguardian-api/1.1.2/apiguardian-api-1.1.2.jar:/home/pharaox/.m2/repository/org/junit/jupiter/junit-jupiter-params/5.10.2/junit-jupiter-params-5.10.2.jar:/home/pharaox/.m2/repository/org/junit/jupiter/junit-jupiter-engine/5.10.2/junit-jupiter-engine-5.10.2.jar:/home/pharaox/.m2/repository/org/junit/platform/junit-platform-engine/1.10.2/junit-platform-engine-1.10.2.jar:/home/pharaox/.m2/repository/org/mockito/mockito-core/5.7.0/mockito-core-5.7.0.jar:/home/pharaox/.m2/repository/net/bytebuddy/byte-buddy-agent/1.14.12/byte-buddy-agent-1.14.12.jar:/home/pharaox/.m2/repository/org/objenesis/objenesis/3.3/objenesis-3.3.jar:/home/pharaox/.m2/repository/org/mockito/mockito-junit-jupiter/5.7.0/mockito-junit-jupiter-5.7.0.jar:/home/pharaox/.m2/repository/org/skyscreamer/jsonassert/1.5.1/jsonassert-1.5.1.jar:/home/pharaox/.m2/repository/com/vaadin/external/google/android-json/0.0.20131108.vaadin1/android-json-0.0.20131108.vaadin1.jar:/home/pharaox/.m2/repository/org/springframework/spring-test/6.1.4/spring-test-6.1.4.jar:/home/pharaox/.m2/repository/org/xmlunit/xmlunit-core/2.9.1/xmlunit-core-2.9.1.jar:/home/pharaox/.m2/repository/io/projectreactor/reactor-test/3.6.3/reactor-test-3.6.3.jar:/home/pharaox/.m2/repository/io/projectreactor/reactor-core/3.6.3/reactor-core-3.6.3.jar:/home/pharaox/.m2/repository/org/reactivestreams/reactive-streams/1.0.4/reactive-streams-1.0.4.jar:/home/pharaox/.m2/repository/org/springframework/boot/spring-boot-starter-websocket/3.2.3/spring-boot-starter-websocket-3.2.3.jar:/home/pharaox/.m2/repository/org/springframework/spring-messaging/6.1.4/spring-messaging-6.1.4.jar:/home/pharaox/.m2/repository/org/springframework/spring-websocket/6.1.4/spring-websocket-6.1.4.jar:/home/pharaox/.m2/repository/io/jsonwebtoken/jjwt-api/0.11.2/jjwt-api-0.11.2.jar:/home/pharaox/.m2/repository/io/jsonwebtoken/jjwt-impl/0.11.2/jjwt-impl-0.11.2.jar:/home/pharaox/.m2/repository/io/jsonwebtoken/jjwt-jackson/0.11.2/jjwt-jackson-0.11.2.jar:/home/pharaox/.m2/repository/com/fasterxml/jackson/core/jackson-databind/2.15.4/jackson-databind-2.15.4.jar:/home/pharaox/.m2/repository/com/fasterxml/jackson/core/jackson-annotations/2.15.4/jackson-annotations-2.15.4.jar:/home/pharaox/.m2/repository/com/fasterxml/jackson/core/jackson-core/2.15.4/jackson-core-2.15.4.jar:/home/pharaox/.m2/repository/org/springframework/spring-webflux/6.1.4/spring-webflux-6.1.4.jar:/home/pharaox/.m2/repository/org/springframework/spring-beans/6.1.4/spring-beans-6.1.4.jar:/home/pharaox/.m2/repository/org/springdoc/springdoc-openapi-starter-webflux-api/2.4.0/springdoc-openapi-starter-webflux-api-2.4.0.jar:/home/pharaox/.m2/repository/org/springdoc/springdoc-openapi-starter-common/2.4.0/springdoc-openapi-starter-common-2.4.0.jar:/home/pharaox/.m2/repository/io/swagger/core/v3/swagger-core-jakarta/2.2.20/swagger-core-jakarta-2.2.20.jar:/home/pharaox/.m2/repository/io/swagger/core/v3/swagger-annotations-jakarta/2.2.20/swagger-annotations-jakarta-2.2.20.jar:/home/pharaox/.m2/repository/io/swagger/core/v3/swagger-models-jakarta/2.2.20/swagger-models-jakarta-2.2.20.jar:/home/pharaox/.m2/repository/jakarta/validation/jakarta.validation-api/3.0.2/jakarta.validation-api-3.0.2.jar:/home/pharaox/.m2/repository/com/fasterxml/jackson/dataformat/jackson-dataformat-yaml/2.15.4/jackson-dataformat-yaml-2.15.4.jar:"/>
    <property name="sun.cpu.endian" value="little"/>
    <property name="user.home" value="/home/pharaox"/>
    <property name="user.language" value="en"/>
    <property name="java.specification.vendor" value="Oracle Corporation"/>
    <property name="java.version.date" value="2024-01-16"/>
    <property name="java.home" value="/usr/lib/jvm/java-17-openjdk"/>
    <property name="file.separator" value="/"/>
    <property name="basedir" value="/home/pharaox/Documents/Projects/ProyectoSA/ProyectoSA_backend"/>
    <property name="java.vm.compressedOopsMode" value="Zero based"/>
    <property name="line.separator" value="&#10;"/>
    <property name="java.specification.name" value="Java Platform API Specification"/>
    <property name="java.vm.specification.vendor" value="Oracle Corporation"/>
    <property name="FILE_LOG_CHARSET" value="UTF-8"/>
    <property name="java.awt.headless" value="true"/>
    <property name="surefire.real.class.path" value="/home/pharaox/Documents/Projects/ProyectoSA/ProyectoSA_backend/target/surefire/surefirebooter-20240330022218724_3.jar"/>
    <property name="sun.management.compiler" value="HotSpot 64-Bit Tiered Compilers"/>
    <property name="java.runtime.version" value="17.0.10+7"/>
    <property name="user.name" value="pharaox"/>
    <property name="path.separator" value=":"/>
    <property name="os.version" value="6.7.9-arch1-1"/>
    <property name="java.runtime.name" value="OpenJDK Runtime Environment"/>
    <property name="file.encoding" value="UTF-8"/>
    <property name="java.vm.name" value="OpenJDK 64-Bit Server VM"/>
    <property name="localRepository" value="/home/pharaox/.m2/repository"/>
    <property name="java.vendor.url.bug" value="https://bugreport.java.com/bugreport/"/>
    <property name="java.io.tmpdir" value="/tmp"/>
    <property name="com.zaxxer.hikari.pool_number" value="1"/>
    <property name="java.version" value="17.0.10"/>
    <property name="user.dir" value="/home/pharaox/Documents/Projects/ProyectoSA/ProyectoSA_backend"/>
    <property name="os.arch" value="amd64"/>
    <property name="java.vm.specification.name" value="Java Virtual Machine Specification"/>
    <property name="PID" value="103914"/>
    <property name="CONSOLE_LOG_CHARSET" value="UTF-8"/>
    <property name="native.encoding" value="UTF-8"/>
    <property name="java.library.path" value="/usr/java/packages/lib:/usr/lib64:/lib64:/lib:/usr/lib"/>
    <property name="java.vm.info" value="mixed mode"/>
    <property name="java.vendor" value="N/A"/>
    <property name="java.vm.version" value="17.0.10+7"/>
    <property name="sun.io.unicode.encoding" value="UnicodeLittle"/>
    <property name="java.class.version" value="61.0"/>
  </properties>
  <testcase name="contextLoads" classname="com.spring.tiketsys.TiketsysApplicationTests" time="0.534">
    <system-out><![CDATA[02:22:19.636 [main] INFO org.springframework.test.context.support.AnnotationConfigContextLoaderUtils -- Could not detect default configuration classes for test class [com.spring.tiketsys.TiketsysApplicationTests]: TiketsysApplicationTests does not declare any static, non-private, non-final, nested classes annotated with @Configuration.
02:22:19.757 [main] INFO org.springframework.boot.test.context.SpringBootTestContextBootstrapper -- Found @SpringBootConfiguration com.spring.tiketsys.TiketsysApplication for test class com.spring.tiketsys.TiketsysApplicationTests

  .   ____          _            __ _ _
 /\\ / ___'_ __ _ _(_)_ __  __ _ \ \ \ \
( ( )\___ | '_ | '_| | '_ \/ _` | \ \ \ \
 \\/  ___)| |_)| | | | | || (_| |  ) ) ) )
  '  |____| .__|_| |_|_| |_\__, | / / / /
 =========|_|==============|___/=/_/_/_/
 :: Spring Boot ::                (v3.2.3)

2024-03-30T02:22:20.179-05:00  INFO 103914 --- [           main] c.s.tiketsys.TiketsysApplicationTests    : Starting TiketsysApplicationTests using Java 17.0.10 with PID 103914 (started by pharaox in /home/pharaox/Documents/Projects/ProyectoSA/ProyectoSA_backend)
2024-03-30T02:22:20.180-05:00  INFO 103914 --- [           main] c.s.tiketsys.TiketsysApplicationTests    : No active profile set, falling back to 1 default profile: "default"
2024-03-30T02:22:20.913-05:00  INFO 103914 --- [           main] .s.d.r.c.RepositoryConfigurationDelegate : Bootstrapping Spring Data JPA repositories in DEFAULT mode.
2024-03-30T02:22:21.082-05:00  INFO 103914 --- [           main] .s.d.r.c.RepositoryConfigurationDelegate : Finished Spring Data repository scanning in 162 ms. Found 10 JPA repository interfaces.
2024-03-30T02:22:21.521-05:00  INFO 103914 --- [           main] o.hibernate.jpa.internal.util.LogHelper  : HHH000204: Processing PersistenceUnitInfo [name: default]
2024-03-30T02:22:21.563-05:00  INFO 103914 --- [           main] org.hibernate.Version                    : HHH000412: Hibernate ORM core version 6.4.4.Final
2024-03-30T02:22:21.594-05:00  INFO 103914 --- [           main] o.h.c.internal.RegionFactoryInitiator    : HHH000026: Second-level cache disabled
2024-03-30T02:22:21.821-05:00  INFO 103914 --- [           main] o.s.o.j.p.SpringPersistenceUnitInfo      : No LoadTimeWeaver setup: ignoring JPA class transformer
2024-03-30T02:22:21.844-05:00  INFO 103914 --- [           main] com.zaxxer.hikari.HikariDataSource       : HikariPool-1 - Starting...
2024-03-30T02:22:21.946-05:00  INFO 103914 --- [           main] com.zaxxer.hikari.pool.HikariPool        : HikariPool-1 - Added connection org.mariadb.jdbc.Connection@5e541ef9
2024-03-30T02:22:21.948-05:00  INFO 103914 --- [           main] com.zaxxer.hikari.HikariDataSource       : HikariPool-1 - Start completed.
2024-03-30T02:22:21.975-05:00  WARN 103914 --- [           main] org.hibernate.orm.deprecation            : HHH90000025: MySQLDialect does not need to be specified explicitly using 'hibernate.dialect' (remove the property setting and it will be selected by default)
2024-03-30T02:22:22.916-05:00  INFO 103914 --- [           main] o.h.e.t.j.p.i.JtaPlatformInitiator       : HHH000489: No JTA platform available (set 'hibernate.transaction.jta.platform' to enable JTA platform integration)
2024-03-30T02:22:22.919-05:00  INFO 103914 --- [           main] j.LocalContainerEntityManagerFactoryBean : Initialized JPA EntityManagerFactory for persistence unit 'default'
2024-03-30T02:22:23.009-05:00  INFO 103914 --- [           main] c.g.c.s.a.c.GcpContextAutoConfiguration  : The default project ID is proyectosa-415901
2024-03-30T02:22:23.042-05:00  INFO 103914 --- [           main] c.g.c.s.core.DefaultCredentialsProvider  : Default credentials provider for service account gcp-account@proyectosa-415901.iam.gserviceaccount.com
2024-03-30T02:22:23.043-05:00  INFO 103914 --- [           main] c.g.c.s.core.DefaultCredentialsProvider  : Scopes in use by default credentials: [https://www.googleapis.com/auth/pubsub, https://www.googleapis.com/auth/spanner.admin, https://www.googleapis.com/auth/spanner.data, https://www.googleapis.com/auth/datastore, https://www.googleapis.com/auth/sqlservice.admin, https://www.googleapis.com/auth/devstorage.read_only, https://www.googleapis.com/auth/devstorage.read_write, https://www.googleapis.com/auth/cloudruntimeconfig, https://www.googleapis.com/auth/trace.append, https://www.googleapis.com/auth/cloud-platform, https://www.googleapis.com/auth/cloud-vision, https://www.googleapis.com/auth/bigquery, https://www.googleapis.com/auth/monitoring.write]
2024-03-30T02:22:23.048-05:00  INFO 103914 --- [           main] c.g.c.s.core.DefaultCredentialsProvider  : Default credentials provider for service account gcp-account@proyectosa-415901.iam.gserviceaccount.com
2024-03-30T02:22:23.048-05:00  INFO 103914 --- [           main] c.g.c.s.core.DefaultCredentialsProvider  : Scopes in use by default credentials: [https://www.googleapis.com/auth/devstorage.read_write]
2024-03-30T02:22:23.381-05:00  INFO 103914 --- [           main] o.s.d.j.r.query.QueryEnhancerFactory     : Hibernate is in classpath; If applicable, HQL parser will be used.
2024-03-30T02:22:24.886-05:00  INFO 103914 --- [           main] c.s.tiketsys.TiketsysApplicationTests    : Started TiketsysApplicationTests in 5.002 seconds (process running for 6.085)
]]></system-out>
  </testcase>
</testsuite>